<?xml version="1.0" encoding="UTF-8"?>
<!-- Generated by org.testng.reporters.JUnitReportReporter -->
<testsuite hostname="Jarvis" failures="1" tests="7" name="testcases.TC008_MenuValidation" time="212.595" errors="0" timestamp="2024-03-27T19:37:28 IST" skipped="0">
  <testcase classname="testcases.TC008_MenuValidation" name="menuValidation" time="22.879">
    <failure message="expected [Best Buy | Official Online Store | Shop Now &amp; Save] but found [Deal of the Day: Electronics Deals - Best Buy]" type="java.lang.AssertionError">
      <![CDATA[java.lang.AssertionError: expected [Best Buy | Official Online Store | Shop Now & Save] but found [Deal of the Day: Electronics Deals - Best Buy]
at org.testng.Assert.fail(Assert.java:99)
at org.testng.Assert.failNotEquals(Assert.java:1037)
at org.testng.Assert.assertEqualsImpl(Assert.java:140)
at org.testng.Assert.assertEquals(Assert.java:122)
at org.testng.Assert.assertEquals(Assert.java:629)
at org.testng.Assert.assertEquals(Assert.java:639)
at pages.HomePage.menuValidation(HomePage.java:104)
at testcases.TC008_MenuValidation.menuValidation(TC008_MenuValidation.java:21)
at java.base/jdk.internal.reflect.NativeMethodAccessorImpl.invoke0(Native Method)
at java.base/jdk.internal.reflect.NativeMethodAccessorImpl.invoke(NativeMethodAccessorImpl.java:77)
at java.base/jdk.internal.reflect.DelegatingMethodAccessorImpl.invoke(DelegatingMethodAccessorImpl.java:43)
at java.base/java.lang.reflect.Method.invoke(Method.java:568)
at org.testng.internal.MethodInvocationHelper.invokeMethod(MethodInvocationHelper.java:133)
at org.testng.internal.TestInvoker.invokeMethod(TestInvoker.java:598)
at org.testng.internal.TestInvoker.invokeTestMethod(TestInvoker.java:173)
at org.testng.internal.MethodRunner.runInSequence(MethodRunner.java:46)
at org.testng.internal.TestInvoker$MethodInvocationAgent.invoke(TestInvoker.java:824)
at org.testng.internal.TestInvoker.invokeTestMethods(TestInvoker.java:146)
at org.testng.internal.TestMethodWorker.invokeTestMethods(TestMethodWorker.java:146)
at org.testng.internal.TestMethodWorker.run(TestMethodWorker.java:128)
at java.base/java.util.ArrayList.forEach(ArrayList.java:1511)
at org.testng.TestRunner.privateRun(TestRunner.java:794)
at org.testng.TestRunner.run(TestRunner.java:596)
at org.testng.SuiteRunner.runTest(SuiteRunner.java:377)
at org.testng.SuiteRunner.runSequentially(SuiteRunner.java:371)
at org.testng.SuiteRunner.privateRun(SuiteRunner.java:332)
at org.testng.SuiteRunner.run(SuiteRunner.java:276)
at org.testng.SuiteRunnerWorker.runSuite(SuiteRunnerWorker.java:53)
at org.testng.SuiteRunnerWorker.run(SuiteRunnerWorker.java:96)
at org.testng.TestNG.runSuitesSequentially(TestNG.java:1212)
at org.testng.TestNG.runSuitesLocally(TestNG.java:1134)
at org.testng.TestNG.runSuites(TestNG.java:1063)
at org.testng.TestNG.run(TestNG.java:1031)
at org.testng.remote.AbstractRemoteTestNG.run(AbstractRemoteTestNG.java:115)
at org.testng.remote.RemoteTestNG.initAndRun(RemoteTestNG.java:251)
at org.testng.remote.RemoteTestNG.main(RemoteTestNG.java:77)
]]>
    </failure>
  </testcase> <!-- menuValidation -->
  <system-out/>
  <testcase classname="testcases.TC008_MenuValidation" name="menuValidation" time="34.642"/>
  <system-out/>
  <testcase classname="testcases.TC008_MenuValidation" name="menuValidation" time="27.050"/>
  <system-out/>
  <testcase classname="testcases.TC008_MenuValidation" name="menuValidation" time="28.673"/>
  <system-out/>
  <testcase classname="testcases.TC008_MenuValidation" name="menuValidation" time="26.386"/>
  <system-out/>
  <testcase classname="testcases.TC008_MenuValidation" name="menuValidation" time="49.084"/>
  <system-out/>
  <testcase classname="testcases.TC008_MenuValidation" name="menuValidation" time="23.881"/>
  <system-out/>
</testsuite> <!-- testcases.TC008_MenuValidation -->
